<?xml version="1.0" encoding="UTF-8"?>
<!-- Generated by org.testng.reporters.JUnitReportReporter -->
<testsuite hostname="OM-PC" name="Tests.DataDriven" tests="2" failures="0" timestamp="29 Apr 2020 06:27:09 GMT" time="0.033" errors="0">
  <testcase name="VerifyInvalidLogin" time="0.017" classname="Tests.DataDriven"/>
  <testcase name="VerifyInvalidLogin" time="0.016" classname="Tests.DataDriven"/>
</testsuite> <!-- Tests.DataDriven -->
